                Step[ FC]     Time          Energy          fmax
BFGSLineSearch:    0[  0] 01:58:36     -175.799014       0.0713
                Step[ FC]     Time          Energy          fmax
BFGSLineSearch:    0[  0] 22:14:32     -130.082763       0.6635
                Step[ FC]     Time          Energy          fmax
BFGSLineSearch:    0[  0] 19:09:54     -106.477634       0.9449
                Step[ FC]     Time          Energy          fmax
BFGSLineSearch:    0[  0] 20:01:05     -130.088154       0.6885
                Step[ FC]     Time          Energy          fmax
BFGSLineSearch:    0[  0] 01:37:49     -106.482599       0.9468
                Step[ FC]     Time          Energy          fmax
BFGSLineSearch:    0[  0] 02:24:35     -106.482598       0.9468
BFGSLineSearch:    1[  1] 02:29:24     -106.934315       0.7305
BFGSLineSearch:    2[  2] 03:25:30     -107.430006       0.2974
BFGSLineSearch:    1[  1] 05:01:42     -106.934305       0.7305
BFGSLineSearch:    3[  3] 05:01:58     -107.549288       0.0927
                Step[ FC]     Time          Energy          fmax
BFGSLineSearch:    0[  0] 12:41:18     -106.482603       0.9468
                Step[ FC]     Time          Energy          fmax
BFGSLineSearch:    0[  0] 13:30:56     -106.482598       0.9468
BFGSLineSearch:    1[  1] 13:46:29     -106.934362       0.7309
BFGSLineSearch:    2[  2] 22:11:24     -107.429744       0.2962
BFGSLineSearch:    1[  1] 22:41:22     -106.934305       0.7305
BFGSLineSearch:    3[  3] 22:53:07     -107.549346       0.0924
BFGSLineSearch:    4[  4] 23:36:25     -107.560781       0.0083
BFGSLineSearch:    2[  2] 00:34:14     -107.430057       0.2976
                Step[ FC]     Time          Energy          fmax
BFGSLineSearch:    0[  0] 10:30:13     -106.482603       0.9468
BFGSLineSearch:    1[  1] 10:59:43     -106.934362       0.7309
BFGSLineSearch:    2[  2] 11:26:31     -107.429744       0.2962
BFGSLineSearch:    3[  3] 12:02:24     -107.549346       0.0924
BFGSLineSearch:    4[  4] 12:23:47     -107.560781       0.0083
                Step[ FC]     Time          Energy          fmax
BFGSLineSearch:    0[  0] 14:58:52      -96.762438       0.4916
BFGSLineSearch:    1[  1] 15:52:26      -96.863004       0.3962
BFGSLineSearch:    2[  3] 17:44:42      -96.995989       0.0560
                Step[ FC]     Time          Energy          fmax
BFGSLineSearch:    0[  0] 23:31:16      -96.762438       0.4916
BFGSLineSearch:    1[  1] 00:41:10      -96.863004       0.3962
BFGSLineSearch:    2[  3] 01:52:55      -96.995989       0.0560
                Step[ FC]     Time          Energy          fmax
BFGSLineSearch:    0[  0] 17:20:36      -96.762438       0.4916
BFGSLineSearch:    1[  1] 09:44:58      -96.863004       0.3962
                Step[ FC]     Time          Energy          fmax
BFGSLineSearch:    0[  0] 10:52:24      -96.762438       0.4916
BFGSLineSearch:    2[  3] 12:49:08      -96.995989       0.0560
BFGSLineSearch:    1[  1] 12:58:03      -96.863004       0.3962
BFGSLineSearch:    2[  3] 14:26:29      -96.995989       0.0560
